<?xml version="1.0" encoding="utf-8"?><testsuites name="pytest tests"><testsuite name="pytest" errors="0" failures="0" skipped="0" tests="24" time="5.443" timestamp="2026-06-27T09:09:22.578870+00:00" hostname="agent-env-71ff7e12-13a0-4518-9297-d39d19ff1c23"><testcase classname="tests.test_adspora.TestAuth" name="test_login_admin" time="1.739" /><testcase classname="tests.test_adspora.TestAuth" name="test_login_invalid" time="0.479" /><testcase classname="tests.test_adspora.TestCreatives" name="test_list_all" time="2.221" /><testcase classname="tests.test_adspora.TestAuth" name="test_demo_login" time="0.141" /><testcase classname="tests.test_adspora.TestCreatives" name="test_filter_by_platform" time="0.043" /><testcase classname="tests.test_adspora.TestCreatives" name="test_filter_by_status" time="0.044" /><testcase classname="tests.test_adspora.TestCreatives" name="test_search" time="0.042" /><testcase classname="tests.test_adspora.TestCreatives" name="test_get_creative_detail" time="0.087" /><testcase classname="tests.test_adspora.TestAuth" name="test_me_requires_auth" time="0.094" /><testcase classname="tests.test_adspora.TestCreatives" name="test_get_creative_invalid_id" time="0.085" /><testcase classname="tests.test_adspora.TestDashboard" name="test_overview" time="0.252" /><testcase classname="tests.test_adspora.TestDashboard" name="test_trends" time="0.044" /><testcase classname="tests.test_adspora.TestAuth" name="test_me_with_token" time="0.446" /><testcase classname="tests.test_adspora.TestDashboard" name="test_platform_breakdown" time="0.042" /><testcase classname="tests.test_adspora.TestAlerts" name="test_list_alerts" time="0.043" /><testcase classname="tests.test_adspora.TestAuth" name="test_logout" time="0.082" /><testcase classname="tests.test_adspora.TestAlerts" name="test_dismiss_alert_and_verify" time="0.184" /><testcase classname="tests.test_adspora.TestAI" name="test_diagnose_endpoint_responds" time="1.322" /><testcase classname="tests.test_adspora.TestSettings" name="test_get_settings" time="0.320" /><testcase classname="tests.test_adspora.TestSettings" name="test_update_and_verify" time="0.133" /><testcase classname="tests.test_adspora.TestUpload" name="test_upload_csv" time="0.068" /><testcase classname="tests.test_adspora.TestUpload" name="test_upload_invalid_format" time="0.042" /><testcase classname="tests.test_adspora.TestAI" name="test_diagnose_invalid_id" time="0.095" /><testcase classname="tests.test_adspora.TestAI" name="test_unauthenticated_diagnose" time="0.092" /></testsuite></testsuites>